This is pdfTeX, Version 3.14159265-2.6-1.40.19 (TeX Live 2018/W32TeX) (preloaded format=pdflatex 2019.2.7)  12 FEB 2019 11:00
entering extended mode
 restricted \write18 enabled.
 file:line:error style messages enabled.
 %&-line parsing enabled.
**c:/Users/Owner/Documents/DiscreteMathematics/kouhan.tex
(c:/Users/Owner/Documents/DiscreteMathematics/kouhan.tex
LaTeX2e <2018-04-01> patch level 2
Babel <3.18> and hyphenation patterns for 84 language(s) loaded.
(c:/texlive/2018/texmf-dist/tex/platex/jsclasses/jsarticle.cls

c:/texlive/2018/texmf-dist/tex/platex/jsclasses/jsarticle.cls:26: LaTeX Error: This file needs format `pLaTeX2e'
               but this is `LaTeX2e'.

See the LaTeX manual or LaTeX Companion for explanation.
Type  H <return>  for immediate help.
 ...                                              
                                                  
l.26 \NeedsTeXFormat{pLaTeX2e}
                              
The current input file will not be processed further,
because it was written for some other flavor of TeX.
You're in trouble here.  Try typing  <return>  to proceed.
If that doesn't work, type  X <return>  to quit.

) (c:/texlive/2018/texmf-dist/tex/latex/amscls/amsthm.sty
Package: amsthm 2017/10/31 v2.20.4
\thm@style=\toks14
\thm@bodyfont=\toks15
\thm@headfont=\toks16
\thm@notefont=\toks17
\thm@headpunct=\toks18
\thm@preskip=\skip41
\thm@postskip=\skip42
\thm@headsep=\skip43
\dth@everypar=\toks19
)
\c@thm=\count80
 (c:/Users/Owner/Documents/DiscreteMathematics/kouhan.aux)
\openout1 = `kouhan.aux'.

LaTeX Font Info:    Checking defaults for OML/cmm/m/it on input line 5.
LaTeX Font Info:    ... okay on input line 5.
LaTeX Font Info:    Checking defaults for T1/cmr/m/n on input line 5.
LaTeX Font Info:    ... okay on input line 5.
LaTeX Font Info:    Checking defaults for OT1/cmr/m/n on input line 5.
LaTeX Font Info:    ... okay on input line 5.
LaTeX Font Info:    Checking defaults for OMS/cmsy/m/n on input line 5.
LaTeX Font Info:    ... okay on input line 5.
LaTeX Font Info:    Checking defaults for OMX/cmex/m/n on input line 5.
LaTeX Font Info:    ... okay on input line 5.
LaTeX Font Info:    Checking defaults for U/cmr/m/n on input line 5.
LaTeX Font Info:    ... okay on input line 5.


c:/Users/Owner/Documents/DiscreteMathematics/kouhan.tex:5: LaTeX Error: The font size command \normalsize is not defined:
               there is probably something wrong with the class file.

See the LaTeX manual or LaTeX Companion for explanation.
Type  H <return>  for immediate help.
 ...                                              
                                                  
l.5 \begin{document}
                    
Your command was ignored.
Type  I <command> <return>  to replace it with another command,
or  <return>  to continue without it.

c:/Users/Owner/Documents/DiscreteMathematics/kouhan.tex:9: Undefined control sequence.
l.9 \maketitle
              
The control sequence at the end of the top line
of your error message was never \def'ed. If you have
misspelled it (e.g., `\hobx'), type `I' and the correct
spelling (e.g., `I\hbox'). Otherwise just continue,
and I'll forget about whatever was undefined.


c:/Users/Owner/Documents/DiscreteMathematics/kouhan.tex:11: Package inputenc Error: Unicode character ã“ (U+3053)
(inputenc)                not set up for use with LaTeX.

See the inputenc package documentation for explanation.
Type  H <return>  for immediate help.
 ...                                              
                                                  
l.11 ã“
        ã®ãƒ¬ãƒãƒ¼ãƒˆã§ã¯ã€æˆæ¥­ä¸­ã®é…å¸ƒè³‡æ–™ã«ãŠã‘ã‚‹å®šç†\r...
You may provide a definition with
\DeclareUnicodeCharacter 


c:/Users/Owner/Documents/DiscreteMathematics/kouhan.tex:11: Package inputenc Error: Unicode character ã® (U+306E)
(inputenc)                not set up for use with LaTeX.

See the inputenc package documentation for explanation.
Type  H <return>  for immediate help.
 ...                                              
                                                  
l.11 ã“ã®
           ãƒ¬ãƒãƒ¼ãƒˆã§ã¯ã€æˆæ¥­ä¸­ã®é…å¸ƒè³‡æ–™ã«ãŠã‘ã‚‹å®šç†\r...
You may provide a definition with
\DeclareUnicodeCharacter 


c:/Users/Owner/Documents/DiscreteMathematics/kouhan.tex:11: Package inputenc Error: Unicode character ãƒ¬ (U+30EC)
(inputenc)                not set up for use with LaTeX.

See the inputenc package documentation for explanation.
Type  H <return>  for immediate help.
 ...                                              
                                                  
l.11 ã“ã®ãƒ¬
              ãƒãƒ¼ãƒˆã§ã¯ã€æˆæ¥­ä¸­ã®é…å¸ƒè³‡æ–™ã«ãŠã‘ã‚‹å®šç†\r...
You may provide a definition with
\DeclareUnicodeCharacter 


c:/Users/Owner/Documents/DiscreteMathematics/kouhan.tex:11: Package inputenc Error: Unicode character ãƒ (U+30DD)
(inputenc)                not set up for use with LaTeX.

See the inputenc package documentation for explanation.
Type  H <return>  for immediate help.
 ...                                              
                                                  
l.11 ã“ã®ãƒ¬ãƒ
                 ãƒ¼ãƒˆã§ã¯ã€æˆæ¥­ä¸­ã®é…å¸ƒè³‡æ–™ã«ãŠã‘ã‚‹å®šç†\r...
You may provide a definition with
\DeclareUnicodeCharacter 


c:/Users/Owner/Documents/DiscreteMathematics/kouhan.tex:11: Package inputenc Error: Unicode character ãƒ¼ (U+30FC)
(inputenc)                not set up for use with LaTeX.

See the inputenc package documentation for explanation.
Type  H <return>  for immediate help.
 ...                                              
                                                  
l.11 ã“ã®ãƒ¬ãƒãƒ¼
                    ãƒˆã§ã¯ã€æˆæ¥­ä¸­ã®é…å¸ƒè³‡æ–™ã«ãŠã‘ã‚‹å®šç†\r...
You may provide a definition with
\DeclareUnicodeCharacter 


c:/Users/Owner/Documents/DiscreteMathematics/kouhan.tex:11: Package inputenc Error: Unicode character ãƒˆ (U+30C8)
(inputenc)                not set up for use with LaTeX.

See the inputenc package documentation for explanation.
Type  H <return>  for immediate help.
 ...                                              
                                                  
l.11 ã“ã®ãƒ¬ãƒãƒ¼ãƒˆ
                       ã§ã¯ã€æˆæ¥­ä¸­ã®é…å¸ƒè³‡æ–™ã«ãŠã‘ã‚‹å®šç†\r...
You may provide a definition with
\DeclareUnicodeCharacter 


c:/Users/Owner/Documents/DiscreteMathematics/kouhan.tex:11: Package inputenc Error: Unicode character ã§ (U+3067)
(inputenc)                not set up for use with LaTeX.

See the inputenc package documentation for explanation.
Type  H <return>  for immediate help.
 ...                                              
                                                  
l.11 ã“ã®ãƒ¬ãƒãƒ¼ãƒˆã§
                          ã¯ã€æˆæ¥­ä¸­ã®é…å¸ƒè³‡æ–™ã«ãŠã‘ã‚‹å®šç†\r...
You may provide a definition with
\DeclareUnicodeCharacter 


c:/Users/Owner/Documents/DiscreteMathematics/kouhan.tex:11: Package inputenc Error: Unicode character ã¯ (U+306F)
(inputenc)                not set up for use with LaTeX.

See the inputenc package documentation for explanation.
Type  H <return>  for immediate help.
 ...                                              
                                                  
l.11 ã“ã®ãƒ¬ãƒãƒ¼ãƒˆã§ã¯
                             ã€æˆæ¥­ä¸­ã®é…å¸ƒè³‡æ–™ã«ãŠã‘ã‚‹å®šç†\r...
You may provide a definition with
\DeclareUnicodeCharacter 


c:/Users/Owner/Documents/DiscreteMathematics/kouhan.tex:11: Package inputenc Error: Unicode character ã€ (U+3001)
(inputenc)                not set up for use with LaTeX.

See the inputenc package documentation for explanation.
Type  H <return>  for immediate help.
 ...                                              
                                                  
l.11 ã“ã®ãƒ¬ãƒãƒ¼ãƒˆã§ã¯ã€
                                æˆæ¥­ä¸­ã®é…å¸ƒè³‡æ–™ã«ãŠã‘ã‚‹å®šç†\r...
You may provide a definition with
\DeclareUnicodeCharacter 


c:/Users/Owner/Documents/DiscreteMathematics/kouhan.tex:11: Package inputenc Error: Unicode character æˆ (U+6388)
(inputenc)                not set up for use with LaTeX.

See the inputenc package documentation for explanation.
Type  H <return>  for immediate help.
 ...                                              
                                                  
l.11 ã“ã®ãƒ¬ãƒãƒ¼ãƒˆã§ã¯ã€æˆ
                                   æ¥­ä¸­ã®é…å¸ƒè³‡æ–™ã«ãŠã‘ã‚‹å®šç†\r...
You may provide a definition with
\DeclareUnicodeCharacter 


c:/Users/Owner/Documents/DiscreteMathematics/kouhan.tex:11: Package inputenc Error: Unicode character æ¥­ (U+696D)
(inputenc)                not set up for use with LaTeX.

See the inputenc package documentation for explanation.
Type  H <return>  for immediate help.
 ...                                              
                                                  
l.11 ã“ã®ãƒ¬ãƒãƒ¼ãƒˆã§ã¯ã€æˆæ¥­
                                      ä¸­ã®é…å¸ƒè³‡æ–™ã«ãŠã‘ã‚‹å®šç†\r...
You may provide a definition with
\DeclareUnicodeCharacter 


c:/Users/Owner/Documents/DiscreteMathematics/kouhan.tex:11: Package inputenc Error: Unicode character ä¸­ (U+4E2D)
(inputenc)                not set up for use with LaTeX.

See the inputenc package documentation for explanation.
Type  H <return>  for immediate help.
 ...                                              
                                                  
l.11 ã“ã®ãƒ¬ãƒãƒ¼ãƒˆã§ã¯ã€æˆæ¥­ä¸­
                                         ã®é…å¸ƒè³‡æ–™ã«ãŠã‘ã‚‹å®šç†\r...
You may provide a definition with
\DeclareUnicodeCharacter 


c:/Users/Owner/Documents/DiscreteMathematics/kouhan.tex:11: Package inputenc Error: Unicode character ã® (U+306E)
(inputenc)                not set up for use with LaTeX.

See the inputenc package documentation for explanation.
Type  H <return>  for immediate help.
 ...                                              
                                                  
l.11 ã“ã®ãƒ¬ãƒãƒ¼ãƒˆã§ã¯ã€æˆæ¥­ä¸­ã®
                                            é…å¸ƒè³‡æ–™ã«ãŠã‘ã‚‹å®šç†\r...
You may provide a definition with
\DeclareUnicodeCharacter 


c:/Users/Owner/Documents/DiscreteMathematics/kouhan.tex:11: Package inputenc Error: Unicode character é… (U+914D)
(inputenc)                not set up for use with LaTeX.

See the inputenc package documentation for explanation.
Type  H <return>  for immediate help.
 ...                                              
                                                  
l.11 ã“ã®ãƒ¬ãƒãƒ¼ãƒˆã§ã¯ã€æˆæ¥­ä¸­ã®é…
                                               å¸ƒè³‡æ–™ã«ãŠã‘ã‚‹å®šç†\r...
You may provide a definition with
\DeclareUnicodeCharacter 


c:/Users/Owner/Documents/DiscreteMathematics/kouhan.tex:11: Package inputenc Error: Unicode character å¸ƒ (U+5E03)
(inputenc)                not set up for use with LaTeX.

See the inputenc package documentation for explanation.
Type  H <return>  for immediate help.
 ...                                              
                                                  
l.11 ã“ã®ãƒ¬ãƒãƒ¼ãƒˆã§ã¯ã€æˆæ¥­ä¸­ã®é…å¸ƒ
                                                  è³‡æ–™ã«ãŠã‘ã‚‹å®šç†\r...
You may provide a definition with
\DeclareUnicodeCharacter 


c:/Users/Owner/Documents/DiscreteMathematics/kouhan.tex:11: Package inputenc Error: Unicode character è³‡ (U+8CC7)
(inputenc)                not set up for use with LaTeX.

See the inputenc package documentation for explanation.
Type  H <return>  for immediate help.
 ...                                              
                                                  
l.11 ...ãƒ¬ãƒãƒ¼ãƒˆã§ã¯ã€æˆæ¥­ä¸­ã®é…å¸ƒè³‡
                                                  æ–™ã«ãŠã‘ã‚‹å®šç†\ref{...
You may provide a definition with
\DeclareUnicodeCharacter 


c:/Users/Owner/Documents/DiscreteMathematics/kouhan.tex:11: Package inputenc Error: Unicode character æ–™ (U+6599)
(inputenc)                not set up for use with LaTeX.

See the inputenc package documentation for explanation.
Type  H <return>  for immediate help.
 ...                                              
                                                  
l.11 ...ãƒãƒ¼ãƒˆã§ã¯ã€æˆæ¥­ä¸­ã®é…å¸ƒè³‡æ–™
                                                  ã«ãŠã‘ã‚‹å®šç†\ref{rin...
You may provide a definition with
\DeclareUnicodeCharacter 


c:/Users/Owner/Documents/DiscreteMathematics/kouhan.tex:11: Package inputenc Error: Unicode character ã« (U+306B)
(inputenc)                not set up for use with LaTeX.

See the inputenc package documentation for explanation.
Type  H <return>  for immediate help.
 ...                                              
                                                  
l.11 ...ãƒ¼ãƒˆã§ã¯ã€æˆæ¥­ä¸­ã®é…å¸ƒè³‡æ–™ã«
                                                  ãŠã‘ã‚‹å®šç†\ref{ringok...
You may provide a definition with
\DeclareUnicodeCharacter 


c:/Users/Owner/Documents/DiscreteMathematics/kouhan.tex:11: Package inputenc Error: Unicode character ãŠ (U+304A)
(inputenc)                not set up for use with LaTeX.

See the inputenc package documentation for explanation.
Type  H <return>  for immediate help.
 ...                                              
                                                  
l.11 ...ãƒˆã§ã¯ã€æˆæ¥­ä¸­ã®é…å¸ƒè³‡æ–™ã«ãŠ
                                                  ã‘ã‚‹å®šç†\ref{ringoku}ã...
You may provide a definition with
\DeclareUnicodeCharacter 


c:/Users/Owner/Documents/DiscreteMathematics/kouhan.tex:11: Package inputenc Error: Unicode character ã‘ (U+3051)
(inputenc)                not set up for use with LaTeX.

See the inputenc package documentation for explanation.
Type  H <return>  for immediate help.
 ...                                              
                                                  
l.11 ...ã§ã¯ã€æˆæ¥­ä¸­ã®é…å¸ƒè³‡æ–™ã«ãŠã‘
                                                  ã‚‹å®šç†\ref{ringoku}ã‚’è...
You may provide a definition with
\DeclareUnicodeCharacter 


c:/Users/Owner/Documents/DiscreteMathematics/kouhan.tex:11: Package inputenc Error: Unicode character ã‚‹ (U+308B)
(inputenc)                not set up for use with LaTeX.

See the inputenc package documentation for explanation.
Type  H <return>  for immediate help.
 ...                                              
                                                  
l.11 ...ã¯ã€æˆæ¥­ä¸­ã®é…å¸ƒè³‡æ–™ã«ãŠã‘ã‚‹
                                                  å®šç†\ref{ringoku}ã‚’è¨¼æ...
You may provide a definition with
\DeclareUnicodeCharacter 


c:/Users/Owner/Documents/DiscreteMathematics/kouhan.tex:11: Package inputenc Error: Unicode character å®š (U+5B9A)
(inputenc)                not set up for use with LaTeX.

See the inputenc package documentation for explanation.
Type  H <return>  for immediate help.
 ...                                              
                                                  
l.11 ...ã€æˆæ¥­ä¸­ã®é…å¸ƒè³‡æ–™ã«ãŠã‘ã‚‹å®š
                                                  ç†\ref{ringoku}ã‚’è¨¼æ˜ã...
You may provide a definition with
\DeclareUnicodeCharacter 


c:/Users/Owner/Documents/DiscreteMathematics/kouhan.tex:11: Package inputenc Error: Unicode character ç† (U+7406)
(inputenc)                not set up for use with LaTeX.

See the inputenc package documentation for explanation.
Type  H <return>  for immediate help.
 ...                                              
                                                  
l.11 ...æˆæ¥­ä¸­ã®é…å¸ƒè³‡æ–™ã«ãŠã‘ã‚‹å®šç†
                                                  \ref{ringoku}ã‚’è¨¼æ˜ã™ã...
You may provide a definition with
\DeclareUnicodeCharacter 

c:/Users/Owner/Documents/DiscreteMathematics/kouhan.tex:11: Undefined control sequence.
<write> ...: Reference `ringoku' on page \thepage 
                                                  \space undefined\on@line .
l.11 ...…å¸ƒè³‡æ–™ã«ãŠã‘ã‚‹å®šç†\ref{ringoku}
                                                  ã‚’è¨¼æ˜ã™ã‚‹ã€‚
The control sequence at the end of the top line
of your error message was never \def'ed. If you have
misspelled it (e.g., `\hobx'), type `I' and the correct
spelling (e.g., `I\hbox'). Otherwise just continue,
and I'll forget about whatever was undefined.


LaTeX Warning: Reference `ringoku' on page  undefined on input line 11.


c:/Users/Owner/Documents/DiscreteMathematics/kouhan.tex:11: Package inputenc Error: Unicode character ã‚’ (U+3092)
(inputenc)                not set up for use with LaTeX.

See the inputenc package documentation for explanation.
Type  H <return>  for immediate help.
 ...                                              
                                                  
l.11 ...¸ƒè³‡æ–™ã«ãŠã‘ã‚‹å®šç†\ref{ringoku}ã‚’
                                                  è¨¼æ˜ã™ã‚‹ã€‚
You may provide a definition with
\DeclareUnicodeCharacter 


c:/Users/Owner/Documents/DiscreteMathematics/kouhan.tex:11: Package inputenc Error: Unicode character è¨¼ (U+8A3C)
(inputenc)                not set up for use with LaTeX.

See the inputenc package documentation for explanation.
Type  H <return>  for immediate help.
 ...                                              
                                                  
l.11 ...³‡æ–™ã«ãŠã‘ã‚‹å®šç†\ref{ringoku}ã‚’è¨¼
                                                  æ˜ã™ã‚‹ã€‚
You may provide a definition with
\DeclareUnicodeCharacter 


c:/Users/Owner/Documents/DiscreteMathematics/kouhan.tex:11: Package inputenc Error: Unicode character æ˜ (U+660E)
(inputenc)                not set up for use with LaTeX.

See the inputenc package documentation for explanation.
Type  H <return>  for immediate help.
 ...                                              
                                                  
l.11 ...–™ã«ãŠã‘ã‚‹å®šç†\ref{ringoku}ã‚’è¨¼æ˜
                                                  ã™ã‚‹ã€‚
You may provide a definition with
\DeclareUnicodeCharacter 


c:/Users/Owner/Documents/DiscreteMathematics/kouhan.tex:11: Package inputenc Error: Unicode character ã™ (U+3059)
(inputenc)                not set up for use with LaTeX.

See the inputenc package documentation for explanation.
Type  H <return>  for immediate help.
 ...                                              
                                                  
l.11 ...«ãŠã‘ã‚‹å®šç†\ref{ringoku}ã‚’è¨¼æ˜ã™
                                                  ã‚‹ã€‚
You may provide a definition with
\DeclareUnicodeCharacter 


c:/Users/Owner/Documents/DiscreteMathematics/kouhan.tex:11: Package inputenc Error: Unicode character ã‚‹ (U+308B)
(inputenc)                not set up for use with LaTeX.

See the inputenc package documentation for explanation.
Type  H <return>  for immediate help.
 ...                                              
                                                  
l.11 ...Šã‘ã‚‹å®šç†\ref{ringoku}ã‚’è¨¼æ˜ã™ã‚‹
                                                  ã€‚
You may provide a definition with
\DeclareUnicodeCharacter 


c:/Users/Owner/Documents/DiscreteMathematics/kouhan.tex:11: Package inputenc Error: Unicode character ã€‚ (U+3002)
(inputenc)                not set up for use with LaTeX.

See the inputenc package documentation for explanation.
Type  H <return>  for immediate help.
 ...                                              
                                                  
l.11 ...‘ã‚‹å®šç†\ref{ringoku}ã‚’è¨¼æ˜ã™ã‚‹ã€‚
                                                  
You may provide a definition with
\DeclareUnicodeCharacter 


c:/Users/Owner/Documents/DiscreteMathematics/kouhan.tex:13: Package inputenc Error: Unicode character å®š (U+5B9A)
(inputenc)                not set up for use with LaTeX.

See the inputenc package documentation for explanation.
Type  H <return>  for immediate help.
 ...                                              
                                                  
l.13 \begin{thm}[éš£å›½ã¯5ã¤ã ã‘å®šç†]
                                           
You may provide a definition with
\DeclareUnicodeCharacter 


c:/Users/Owner/Documents/DiscreteMathematics/kouhan.tex:13: Package inputenc Error: Unicode character ç† (U+7406)
(inputenc)                not set up for use with LaTeX.

See the inputenc package documentation for explanation.
Type  H <return>  for immediate help.
 ...                                              
                                                  
l.13 \begin{thm}[éš£å›½ã¯5ã¤ã ã‘å®šç†]
                                           
You may provide a definition with
\DeclareUnicodeCharacter 


c:/Users/Owner/Documents/DiscreteMathematics/kouhan.tex:13: Package inputenc Error: Unicode character éš£ (U+96A3)
(inputenc)                not set up for use with LaTeX.

See the inputenc package documentation for explanation.
Type  H <return>  for immediate help.
 ...                                              
                                                  
l.13 \begin{thm}[éš£å›½ã¯5ã¤ã ã‘å®šç†]
                                           
You may provide a definition with
\DeclareUnicodeCharacter 


c:/Users/Owner/Documents/DiscreteMathematics/kouhan.tex:13: Package inputenc Error: Unicode character å›½ (U+56FD)
(inputenc)                not set up for use with LaTeX.

See the inputenc package documentation for explanation.
Type  H <return>  for immediate help.
 ...                                              
                                                  
l.13 \begin{thm}[éš£å›½ã¯5ã¤ã ã‘å®šç†]
                                           
You may provide a definition with
\DeclareUnicodeCharacter 


c:/Users/Owner/Documents/DiscreteMathematics/kouhan.tex:13: Package inputenc Error: Unicode character ã¯ (U+306F)
(inputenc)                not set up for use with LaTeX.

See the inputenc package documentation for explanation.
Type  H <return>  for immediate help.
 ...                                              
                                                  
l.13 \begin{thm}[éš£å›½ã¯5ã¤ã ã‘å®šç†]
                                           
You may provide a definition with
\DeclareUnicodeCharacter 


c:/Users/Owner/Documents/DiscreteMathematics/kouhan.tex:13: Package inputenc Error: Unicode character ã¤ (U+3064)
(inputenc)                not set up for use with LaTeX.

See the inputenc package documentation for explanation.
Type  H <return>  for immediate help.
 ...                                              
                                                  
l.13 \begin{thm}[éš£å›½ã¯5ã¤ã ã‘å®šç†]
                                           
You may provide a definition with
\DeclareUnicodeCharacter 


c:/Users/Owner/Documents/DiscreteMathematics/kouhan.tex:13: Package inputenc Error: Unicode character ã  (U+3060)
(inputenc)                not set up for use with LaTeX.

See the inputenc package documentation for explanation.
Type  H <return>  for immediate help.
 ...                                              
                                                  
l.13 \begin{thm}[éš£å›½ã¯5ã¤ã ã‘å®šç†]
                                           
You may provide a definition with
\DeclareUnicodeCharacter 


c:/Users/Owner/Documents/DiscreteMathematics/kouhan.tex:13: Package inputenc Error: Unicode character ã‘ (U+3051)
(inputenc)                not set up for use with LaTeX.

See the inputenc package documentation for explanation.
Type  H <return>  for immediate help.
 ...                                              
                                                  
l.13 \begin{thm}[éš£å›½ã¯5ã¤ã ã‘å®šç†]
                                           
You may provide a definition with
\DeclareUnicodeCharacter 


c:/Users/Owner/Documents/DiscreteMathematics/kouhan.tex:13: Package inputenc Error: Unicode character å®š (U+5B9A)
(inputenc)                not set up for use with LaTeX.

See the inputenc package documentation for explanation.
Type  H <return>  for immediate help.
 ...                                              
                                                  
l.13 \begin{thm}[éš£å›½ã¯5ã¤ã ã‘å®šç†]
                                           
You may provide a definition with
\DeclareUnicodeCharacter 


c:/Users/Owner/Documents/DiscreteMathematics/kouhan.tex:13: Package inputenc Error: Unicode character ç† (U+7406)
(inputenc)                not set up for use with LaTeX.

See the inputenc package documentation for explanation.
Type  H <return>  for immediate help.
 ...                                              
                                                  
l.13 \begin{thm}[éš£å›½ã¯5ã¤ã ã‘å®šç†]
                                           
You may provide a definition with
\DeclareUnicodeCharacter 


c:/Users/Owner/Documents/DiscreteMathematics/kouhan.tex:15: Package inputenc Error: Unicode character ã© (U+3069)
(inputenc)                not set up for use with LaTeX.

See the inputenc package documentation for explanation.
Type  H <return>  for immediate help.
 ...                                              
                                                  
l.15     ã©
            ã‚“ãªåœ°å›³ã«ã‚‚ã€5å€‹ä»¥ä¸‹ã®éš£å›½ã—ã‹æŒãŸãªã„å›½ãŒ...
You may provide a definition with
\DeclareUnicodeCharacter 


c:/Users/Owner/Documents/DiscreteMathematics/kouhan.tex:15: Package inputenc Error: Unicode character ã‚“ (U+3093)
(inputenc)                not set up for use with LaTeX.

See the inputenc package documentation for explanation.
Type  H <return>  for immediate help.
 ...                                              
                                                  
l.15     ã©ã‚“
               ãªåœ°å›³ã«ã‚‚ã€5å€‹ä»¥ä¸‹ã®éš£å›½ã—ã‹æŒãŸãªã„å›½ãŒ...
You may provide a definition with
\DeclareUnicodeCharacter 


c:/Users/Owner/Documents/DiscreteMathematics/kouhan.tex:15: Package inputenc Error: Unicode character ãª (U+306A)
(inputenc)                not set up for use with LaTeX.

See the inputenc package documentation for explanation.
Type  H <return>  for immediate help.
 ...                                              
                                                  
l.15     ã©ã‚“ãª
                  åœ°å›³ã«ã‚‚ã€5å€‹ä»¥ä¸‹ã®éš£å›½ã—ã‹æŒãŸãªã„å›½ãŒ...
You may provide a definition with
\DeclareUnicodeCharacter 


c:/Users/Owner/Documents/DiscreteMathematics/kouhan.tex:15: Package inputenc Error: Unicode character åœ° (U+5730)
(inputenc)                not set up for use with LaTeX.

See the inputenc package documentation for explanation.
Type  H <return>  for immediate help.
 ...                                              
                                                  
l.15     ã©ã‚“ãªåœ°
                     å›³ã«ã‚‚ã€5å€‹ä»¥ä¸‹ã®éš£å›½ã—ã‹æŒãŸãªã„å›½ãŒ...
You may provide a definition with
\DeclareUnicodeCharacter 


c:/Users/Owner/Documents/DiscreteMathematics/kouhan.tex:15: Package inputenc Error: Unicode character å›³ (U+56F3)
(inputenc)                not set up for use with LaTeX.

See the inputenc package documentation for explanation.
Type  H <return>  for immediate help.
 ...                                              
                                                  
l.15     ã©ã‚“ãªåœ°å›³
                        ã«ã‚‚ã€5å€‹ä»¥ä¸‹ã®éš£å›½ã—ã‹æŒãŸãªã„å›½ãŒ...
You may provide a definition with
\DeclareUnicodeCharacter 


c:/Users/Owner/Documents/DiscreteMathematics/kouhan.tex:15: Package inputenc Error: Unicode character ã« (U+306B)
(inputenc)                not set up for use with LaTeX.

See the inputenc package documentation for explanation.
Type  H <return>  for immediate help.
 ...                                              
                                                  
l.15     ã©ã‚“ãªåœ°å›³ã«
                           ã‚‚ã€5å€‹ä»¥ä¸‹ã®éš£å›½ã—ã‹æŒãŸãªã„å›½ãŒ...
You may provide a definition with
\DeclareUnicodeCharacter 


c:/Users/Owner/Documents/DiscreteMathematics/kouhan.tex:15: Package inputenc Error: Unicode character ã‚‚ (U+3082)
(inputenc)                not set up for use with LaTeX.

See the inputenc package documentation for explanation.
Type  H <return>  for immediate help.
 ...                                              
                                                  
l.15     ã©ã‚“ãªåœ°å›³ã«ã‚‚
                              ã€5å€‹ä»¥ä¸‹ã®éš£å›½ã—ã‹æŒãŸãªã„å›½ãŒ...
You may provide a definition with
\DeclareUnicodeCharacter 


c:/Users/Owner/Documents/DiscreteMathematics/kouhan.tex:15: Package inputenc Error: Unicode character ã€ (U+3001)
(inputenc)                not set up for use with LaTeX.

See the inputenc package documentation for explanation.
Type  H <return>  for immediate help.
 ...                                              
                                                  
l.15     ã©ã‚“ãªåœ°å›³ã«ã‚‚ã€
                                 5å€‹ä»¥ä¸‹ã®éš£å›½ã—ã‹æŒãŸãªã„å›½ãŒ...
You may provide a definition with
\DeclareUnicodeCharacter 


c:/Users/Owner/Documents/DiscreteMathematics/kouhan.tex:15: Package inputenc Error: Unicode character å€‹ (U+500B)
(inputenc)                not set up for use with LaTeX.

See the inputenc package documentation for explanation.
Type  H <return>  for immediate help.
 ...                                              
                                                  
l.15     ã©ã‚“ãªåœ°å›³ã«ã‚‚ã€5å€‹
                                     ä»¥ä¸‹ã®éš£å›½ã—ã‹æŒãŸãªã„å›½ãŒ...
You may provide a definition with
\DeclareUnicodeCharacter 


c:/Users/Owner/Documents/DiscreteMathematics/kouhan.tex:15: Package inputenc Error: Unicode character ä»¥ (U+4EE5)
(inputenc)                not set up for use with LaTeX.

See the inputenc package documentation for explanation.
Type  H <return>  for immediate help.
 ...                                              
                                                  
l.15     ã©ã‚“ãªåœ°å›³ã«ã‚‚ã€5å€‹ä»¥
                                        ä¸‹ã®éš£å›½ã—ã‹æŒãŸãªã„å›½ãŒ...
You may provide a definition with
\DeclareUnicodeCharacter 


c:/Users/Owner/Documents/DiscreteMathematics/kouhan.tex:15: Package inputenc Error: Unicode character ä¸‹ (U+4E0B)
(inputenc)                not set up for use with LaTeX.

See the inputenc package documentation for explanation.
Type  H <return>  for immediate help.
 ...                                              
                                                  
l.15     ã©ã‚“ãªåœ°å›³ã«ã‚‚ã€5å€‹ä»¥ä¸‹
                                           ã®éš£å›½ã—ã‹æŒãŸãªã„å›½ãŒ...
You may provide a definition with
\DeclareUnicodeCharacter 


c:/Users/Owner/Documents/DiscreteMathematics/kouhan.tex:15: Package inputenc Error: Unicode character ã® (U+306E)
(inputenc)                not set up for use with LaTeX.

See the inputenc package documentation for explanation.
Type  H <return>  for immediate help.
 ...                                              
                                                  
l.15     ã©ã‚“ãªåœ°å›³ã«ã‚‚ã€5å€‹ä»¥ä¸‹ã®
                                              éš£å›½ã—ã‹æŒãŸãªã„å›½ãŒ...
You may provide a definition with
\DeclareUnicodeCharacter 


c:/Users/Owner/Documents/DiscreteMathematics/kouhan.tex:15: Package inputenc Error: Unicode character éš£ (U+96A3)
(inputenc)                not set up for use with LaTeX.

See the inputenc package documentation for explanation.
Type  H <return>  for immediate help.
 ...                                              
                                                  
l.15     ã©ã‚“ãªåœ°å›³ã«ã‚‚ã€5å€‹ä»¥ä¸‹ã®éš£
                                                 å›½ã—ã‹æŒãŸãªã„å›½ãŒ...
You may provide a definition with
\DeclareUnicodeCharacter 


c:/Users/Owner/Documents/DiscreteMathematics/kouhan.tex:15: Package inputenc Error: Unicode character å›½ (U+56FD)
(inputenc)                not set up for use with LaTeX.

See the inputenc package documentation for explanation.
Type  H <return>  for immediate help.
 ...                                              
                                                  
l.15 ...©ã‚“ãªåœ°å›³ã«ã‚‚ã€5å€‹ä»¥ä¸‹ã®éš£å›½
                                                  ã—ã‹æŒãŸãªã„å›½ãŒå°...
You may provide a definition with
\DeclareUnicodeCharacter 


c:/Users/Owner/Documents/DiscreteMathematics/kouhan.tex:15: Package inputenc Error: Unicode character ã— (U+3057)
(inputenc)                not set up for use with LaTeX.

See the inputenc package documentation for explanation.
Type  H <return>  for immediate help.
 ...                                              
                                                  
l.15 ...‚“ãªåœ°å›³ã«ã‚‚ã€5å€‹ä»¥ä¸‹ã®éš£å›½ã—
                                                  ã‹æŒãŸãªã„å›½ãŒå°‘ã...
You may provide a definition with
\DeclareUnicodeCharacter 


c:/Users/Owner/Documents/DiscreteMathematics/kouhan.tex:15: Package inputenc Error: Unicode character ã‹ (U+304B)
(inputenc)                not set up for use with LaTeX.

See the inputenc package documentation for explanation.
Type  H <return>  for immediate help.
 ...                                              
                                                  
l.15 ...ªåœ°å›³ã«ã‚‚ã€5å€‹ä»¥ä¸‹ã®éš£å›½ã—ã‹
                                                  æŒãŸãªã„å›½ãŒå°‘ãªã...
You may provide a definition with
\DeclareUnicodeCharacter 


c:/Users/Owner/Documents/DiscreteMathematics/kouhan.tex:15: Package inputenc Error: Unicode character æŒ (U+6301)
(inputenc)                not set up for use with LaTeX.

See the inputenc package documentation for explanation.
Type  H <return>  for immediate help.
 ...                                              
                                                  
l.15 ...œ°å›³ã«ã‚‚ã€5å€‹ä»¥ä¸‹ã®éš£å›½ã—ã‹æŒ
                                                  ãŸãªã„å›½ãŒå°‘ãªãã...
You may provide a definition with
\DeclareUnicodeCharacter 


c:/Users/Owner/Documents/DiscreteMathematics/kouhan.tex:15: Package inputenc Error: Unicode character ãŸ (U+305F)
(inputenc)                not set up for use with LaTeX.

See the inputenc package documentation for explanation.
Type  H <return>  for immediate help.
 ...                                              
                                                  
l.15 ...›³ã«ã‚‚ã€5å€‹ä»¥ä¸‹ã®éš£å›½ã—ã‹æŒãŸ
                                                  ãªã„å›½ãŒå°‘ãªãã¨ã‚...
You may provide a definition with
\DeclareUnicodeCharacter 


c:/Users/Owner/Documents/DiscreteMathematics/kouhan.tex:15: Package inputenc Error: Unicode character ãª (U+306A)
(inputenc)                not set up for use with LaTeX.

See the inputenc package documentation for explanation.
Type  H <return>  for immediate help.
 ...                                              
                                                  
l.15 ...«ã‚‚ã€5å€‹ä»¥ä¸‹ã®éš£å›½ã—ã‹æŒãŸãª
                                                  ã„å›½ãŒå°‘ãªãã¨ã‚‚ä¸...
You may provide a definition with
\DeclareUnicodeCharacter 


c:/Users/Owner/Documents/DiscreteMathematics/kouhan.tex:15: Package inputenc Error: Unicode character ã„ (U+3044)
(inputenc)                not set up for use with LaTeX.

See the inputenc package documentation for explanation.
Type  H <return>  for immediate help.
 ...                                              
                                                  
l.15 ...‚‚ã€5å€‹ä»¥ä¸‹ã®éš£å›½ã—ã‹æŒãŸãªã„
                                                  å›½ãŒå°‘ãªãã¨ã‚‚ä¸€ã...
You may provide a definition with
\DeclareUnicodeCharacter 


c:/Users/Owner/Documents/DiscreteMathematics/kouhan.tex:15: Package inputenc Error: Unicode character å›½ (U+56FD)
(inputenc)                not set up for use with LaTeX.

See the inputenc package documentation for explanation.
Type  H <return>  for immediate help.
 ...                                              
                                                  
l.15 ...€5å€‹ä»¥ä¸‹ã®éš£å›½ã—ã‹æŒãŸãªã„å›½
                                                  ãŒå°‘ãªãã¨ã‚‚ä¸€ã¤ã...
You may provide a definition with
\DeclareUnicodeCharacter 


c:/Users/Owner/Documents/DiscreteMathematics/kouhan.tex:15: Package inputenc Error: Unicode character ãŒ (U+304C)
(inputenc)                not set up for use with LaTeX.

See the inputenc package documentation for explanation.
Type  H <return>  for immediate help.
 ...                                              
                                                  
l.15 ...å€‹ä»¥ä¸‹ã®éš£å›½ã—ã‹æŒãŸãªã„å›½ãŒ
                                                  å°‘ãªãã¨ã‚‚ä¸€ã¤ã¯å­...
You may provide a definition with
\DeclareUnicodeCharacter 


c:/Users/Owner/Documents/DiscreteMathematics/kouhan.tex:15: Package inputenc Error: Unicode character å°‘ (U+5C11)
(inputenc)                not set up for use with LaTeX.

See the inputenc package documentation for explanation.
Type  H <return>  for immediate help.
 ...                                              
                                                  
l.15 ...ä»¥ä¸‹ã®éš£å›½ã—ã‹æŒãŸãªã„å›½ãŒå°‘
                                                  ãªãã¨ã‚‚ä¸€ã¤ã¯å­˜åœ...
You may provide a definition with
\DeclareUnicodeCharacter 


c:/Users/Owner/Documents/DiscreteMathematics/kouhan.tex:15: Package inputenc Error: Unicode character ãª (U+306A)
(inputenc)                not set up for use with LaTeX.

See the inputenc package documentation for explanation.
Type  H <return>  for immediate help.
 ...                                              
                                                  
l.15 ...ä¸‹ã®éš£å›½ã—ã‹æŒãŸãªã„å›½ãŒå°‘ãª
                                                  ãã¨ã‚‚ä¸€ã¤ã¯å­˜åœ¨ã...
You may provide a definition with
\DeclareUnicodeCharacter 


c:/Users/Owner/Documents/DiscreteMathematics/kouhan.tex:15: Package inputenc Error: Unicode character ã (U+304F)
(inputenc)                not set up for use with LaTeX.

See the inputenc package documentation for explanation.
Type  H <return>  for immediate help.
 ...                                              
                                                  
l.15 ...ã®éš£å›½ã—ã‹æŒãŸãªã„å›½ãŒå°‘ãªã
                                                  ã¨ã‚‚ä¸€ã¤ã¯å­˜åœ¨ã™ã‚...
You may provide a definition with
\DeclareUnicodeCharacter 


c:/Users/Owner/Documents/DiscreteMathematics/kouhan.tex:15: Package inputenc Error: Unicode character ã¨ (U+3068)
(inputenc)                not set up for use with LaTeX.

See the inputenc package documentation for explanation.
Type  H <return>  for immediate help.
 ...                                              
                                                  
l.15 ...éš£å›½ã—ã‹æŒãŸãªã„å›½ãŒå°‘ãªãã¨
                                                  ã‚‚ä¸€ã¤ã¯å­˜åœ¨ã™ã‚‹ã€‚
You may provide a definition with
\DeclareUnicodeCharacter 


c:/Users/Owner/Documents/DiscreteMathematics/kouhan.tex:15: Package inputenc Error: Unicode character ã‚‚ (U+3082)
(inputenc)                not set up for use with LaTeX.

See the inputenc package documentation for explanation.
Type  H <return>  for immediate help.
 ...                                              
                                                  
l.15 ...å›½ã—ã‹æŒãŸãªã„å›½ãŒå°‘ãªãã¨ã‚‚
                                                  ä¸€ã¤ã¯å­˜åœ¨ã™ã‚‹ã€‚
You may provide a definition with
\DeclareUnicodeCharacter 


c:/Users/Owner/Documents/DiscreteMathematics/kouhan.tex:15: Package inputenc Error: Unicode character ä¸€ (U+4E00)
(inputenc)                not set up for use with LaTeX.

See the inputenc package documentation for explanation.
Type  H <return>  for immediate help.
 ...                                              
                                                  
l.15 ...ã—ã‹æŒãŸãªã„å›½ãŒå°‘ãªãã¨ã‚‚ä¸€
                                                  ã¤ã¯å­˜åœ¨ã™ã‚‹ã€‚
You may provide a definition with
\DeclareUnicodeCharacter 


c:/Users/Owner/Documents/DiscreteMathematics/kouhan.tex:15: Package inputenc Error: Unicode character ã¤ (U+3064)
(inputenc)                not set up for use with LaTeX.

See the inputenc package documentation for explanation.
Type  H <return>  for immediate help.
 ...                                              
                                                  
l.15 ...ã‹æŒãŸãªã„å›½ãŒå°‘ãªãã¨ã‚‚ä¸€ã¤
                                                  ã¯å­˜åœ¨ã™ã‚‹ã€‚
You may provide a definition with
\DeclareUnicodeCharacter 


c:/Users/Owner/Documents/DiscreteMathematics/kouhan.tex:15: Package inputenc Error: Unicode character ã¯ (U+306F)
(inputenc)                not set up for use with LaTeX.

See the inputenc package documentation for explanation.
Type  H <return>  for immediate help.
 ...                                              
                                                  
l.15 ...æŒãŸãªã„å›½ãŒå°‘ãªãã¨ã‚‚ä¸€ã¤ã¯
                                                  å­˜åœ¨ã™ã‚‹ã€‚
You may provide a definition with
\DeclareUnicodeCharacter 


c:/Users/Owner/Documents/DiscreteMathematics/kouhan.tex:15: Package inputenc Error: Unicode character å­˜ (U+5B58)
(inputenc)                not set up for use with LaTeX.

See the inputenc package documentation for explanation.
Type  H <return>  for immediate help.
 ...                                              
                                                  
l.15 ...ãŸãªã„å›½ãŒå°‘ãªãã¨ã‚‚ä¸€ã¤ã¯å­˜
                                                  åœ¨ã™ã‚‹ã€‚
You may provide a definition with
\DeclareUnicodeCharacter 


c:/Users/Owner/Documents/DiscreteMathematics/kouhan.tex:15: Package inputenc Error: Unicode character åœ¨ (U+5728)
(inputenc)                not set up for use with LaTeX.

See the inputenc package documentation for explanation.
Type  H <return>  for immediate help.
 ...                                              
                                                  
l.15 ...ãªã„å›½ãŒå°‘ãªãã¨ã‚‚ä¸€ã¤ã¯å­˜åœ¨
                                                  ã™ã‚‹ã€‚
You may provide a definition with
\DeclareUnicodeCharacter 


c:/Users/Owner/Documents/DiscreteMathematics/kouhan.tex:15: Package inputenc Error: Unicode character ã™ (U+3059)
(inputenc)                not set up for use with LaTeX.

See the inputenc package documentation for explanation.
Type  H <return>  for immediate help.
 ...                                              
                                                  
l.15 ...ã„å›½ãŒå°‘ãªãã¨ã‚‚ä¸€ã¤ã¯å­˜åœ¨ã™
                                                  ã‚‹ã€‚
You may provide a definition with
\DeclareUnicodeCharacter 


c:/Users/Owner/Documents/DiscreteMathematics/kouhan.tex:15: Package inputenc Error: Unicode character ã‚‹ (U+308B)
(inputenc)                not set up for use with LaTeX.

See the inputenc package documentation for explanation.
Type  H <return>  for immediate help.
 ...                                              
                                                  
l.15 ...å›½ãŒå°‘ãªãã¨ã‚‚ä¸€ã¤ã¯å­˜åœ¨ã™ã‚‹
                                                  ã€‚
You may provide a definition with
\DeclareUnicodeCharacter 


c:/Users/Owner/Documents/DiscreteMathematics/kouhan.tex:15: Package inputenc Error: Unicode character ã€‚ (U+3002)
(inputenc)                not set up for use with LaTeX.

See the inputenc package documentation for explanation.
Type  H <return>  for immediate help.
 ...                                              
                                                  
l.15 ...ãŒå°‘ãªãã¨ã‚‚ä¸€ã¤ã¯å­˜åœ¨ã™ã‚‹ã€‚
                                                  
You may provide a definition with
\DeclareUnicodeCharacter 


c:/Users/Owner/Documents/DiscreteMathematics/kouhan.tex:22: LaTeX Error: The font size command \normalsize is not defined:
               there is probably something wrong with the class file.

See the LaTeX manual or LaTeX Companion for explanation.
Type  H <return>  for immediate help.
 ...                                              
                                                  
l.22 \end{document}
                   
Your command was ignored.
Type  I <command> <return>  to replace it with another command,
or  <return>  to continue without it.

[1{c:/texlive/2018/texmf-dist/fonts/map/pdftex/updmap/pdftex.map}
c:/Users/Owner/Documents/DiscreteMathematics/kouhan.tex:22: Undefined control sequence.
<write> \newlabel{ringoku}{{1}{\thepage 
                                        }}
l.22 \end{document}
                   
The control sequence at the end of the top line
of your error message was never \def'ed. If you have
misspelled it (e.g., `\hobx'), type `I' and the correct
spelling (e.g., `I\hbox'). Otherwise just continue,
and I'll forget about whatever was undefined.

] (c:/Users/Owner/Documents/DiscreteMathematics/kouhan.aux)

LaTeX Warning: There were undefined references.


LaTeX Warning: Label(s) may have changed. Rerun to get cross-references right.

 ) 
Here is how much of TeX's memory you used:
 183 strings out of 492649
 2334 string characters out of 6133385
 57346 words of memory out of 5000000
 4147 multiletter control sequences out of 15000+600000
 4294 words of font info for 16 fonts, out of 8000000 for 9000
 1141 hyphenation exceptions out of 8191
 19i,4n,21p,175b,139s stack positions out of 5000i,500n,10000p,200000b,80000s
<c:/texlive/2018/texmf-dist/fonts/type1/public/amsfonts/cm/cmbx10.pfb><c:/texlive/2018/texmf-dist/fonts/type1/public/amsfonts/cm/cmr10.pfb><c:/texlive/2018/texmf-dist/fonts/type1/public/amsfonts/cm/cmti10.pfb>
Output written on c:/Users/Owner/Documents/DiscreteMathematics/kouhan.pdf (1 page, 27463 bytes).
PDF statistics:
 20 PDF objects out of 1000 (max. 8388607)
 13 compressed objects within 1 object stream
 0 named destinations out of 1000 (max. 500000)
 1 words of extra memory for PDF output out of 10000 (max. 10000000)

